2012/12/11 03:47:45 [error] [php] include(SftpComponent.php): failed to open stream: No such file or directory (/Users/thang/Desktop/OneOfTheme/yii/framework/YiiBase.php:423)
Stack trace:
#0 /Users/thang/Desktop/OneOfTheme/yii/test/protected/controllers/SiteController.php(113): spl_autoload_call()
#1 /Users/thang/Desktop/OneOfTheme/yii/framework/web/actions/CInlineAction.php(50): SiteController->actionSftp()
#2 /Users/thang/Desktop/OneOfTheme/yii/framework/web/CController.php(309): CInlineAction->runWithParams()
#3 /Users/thang/Desktop/OneOfTheme/yii/framework/web/CController.php(287): SiteController->runAction()
#4 /Users/thang/Desktop/OneOfTheme/yii/framework/web/CController.php(266): SiteController->runActionWithFilters()
#5 /Users/thang/Desktop/OneOfTheme/yii/framework/web/CWebApplication.php(283): SiteController->run()
#6 /Users/thang/Desktop/OneOfTheme/yii/framework/web/CWebApplication.php(142): CWebApplication->runController()
#7 /Users/thang/Desktop/OneOfTheme/yii/framework/base/CApplication.php(162): CWebApplication->processRequest()
#8 /Users/thang/Desktop/OneOfTheme/yii/test/index.php(13): CWebApplication->run()
REQUEST_URI=/yii/test/index.php/site/sftp
in /Users/thang/Desktop/OneOfTheme/yii/test/protected/controllers/SiteController.php (113)
in /Users/thang/Desktop/OneOfTheme/yii/test/index.php (13)
2012/12/11 03:49:25 [error] [php] include(SftpComponent.php): failed to open stream: No such file or directory (/Users/thang/Desktop/OneOfTheme/yii/framework/YiiBase.php:423)
Stack trace:
#0 /Users/thang/Desktop/OneOfTheme/yii/test/protected/controllers/SiteController.php(113): spl_autoload_call()
#1 /Users/thang/Desktop/OneOfTheme/yii/framework/web/actions/CInlineAction.php(50): SiteController->actionSftp()
#2 /Users/thang/Desktop/OneOfTheme/yii/framework/web/CController.php(309): CInlineAction->runWithParams()
#3 /Users/thang/Desktop/OneOfTheme/yii/framework/web/CController.php(287): SiteController->runAction()
#4 /Users/thang/Desktop/OneOfTheme/yii/framework/web/CController.php(266): SiteController->runActionWithFilters()
#5 /Users/thang/Desktop/OneOfTheme/yii/framework/web/CWebApplication.php(283): SiteController->run()
#6 /Users/thang/Desktop/OneOfTheme/yii/framework/web/CWebApplication.php(142): CWebApplication->runController()
#7 /Users/thang/Desktop/OneOfTheme/yii/framework/base/CApplication.php(162): CWebApplication->processRequest()
#8 /Users/thang/Desktop/OneOfTheme/yii/test/index.php(13): CWebApplication->run()
REQUEST_URI=/yii/test/index.php/site/sftp
in /Users/thang/Desktop/OneOfTheme/yii/test/protected/controllers/SiteController.php (113)
in /Users/thang/Desktop/OneOfTheme/yii/test/index.php (13)
2012/12/11 03:49:26 [error] [php] include(SftpComponent.php): failed to open stream: No such file or directory (/Users/thang/Desktop/OneOfTheme/yii/framework/YiiBase.php:423)
Stack trace:
#0 /Users/thang/Desktop/OneOfTheme/yii/test/protected/controllers/SiteController.php(113): spl_autoload_call()
#1 /Users/thang/Desktop/OneOfTheme/yii/framework/web/actions/CInlineAction.php(50): SiteController->actionSftp()
#2 /Users/thang/Desktop/OneOfTheme/yii/framework/web/CController.php(309): CInlineAction->runWithParams()
#3 /Users/thang/Desktop/OneOfTheme/yii/framework/web/CController.php(287): SiteController->runAction()
#4 /Users/thang/Desktop/OneOfTheme/yii/framework/web/CController.php(266): SiteController->runActionWithFilters()
#5 /Users/thang/Desktop/OneOfTheme/yii/framework/web/CWebApplication.php(283): SiteController->run()
#6 /Users/thang/Desktop/OneOfTheme/yii/framework/web/CWebApplication.php(142): CWebApplication->runController()
#7 /Users/thang/Desktop/OneOfTheme/yii/framework/base/CApplication.php(162): CWebApplication->processRequest()
#8 /Users/thang/Desktop/OneOfTheme/yii/test/index.php(13): CWebApplication->run()
REQUEST_URI=/yii/test/index.php/site/sftp
in /Users/thang/Desktop/OneOfTheme/yii/test/protected/controllers/SiteController.php (113)
in /Users/thang/Desktop/OneOfTheme/yii/test/index.php (13)
2012/12/11 03:49:26 [error] [php] include(SftpComponent.php): failed to open stream: No such file or directory (/Users/thang/Desktop/OneOfTheme/yii/framework/YiiBase.php:423)
Stack trace:
#0 /Users/thang/Desktop/OneOfTheme/yii/test/protected/controllers/SiteController.php(113): spl_autoload_call()
#1 /Users/thang/Desktop/OneOfTheme/yii/framework/web/actions/CInlineAction.php(50): SiteController->actionSftp()
#2 /Users/thang/Desktop/OneOfTheme/yii/framework/web/CController.php(309): CInlineAction->runWithParams()
#3 /Users/thang/Desktop/OneOfTheme/yii/framework/web/CController.php(287): SiteController->runAction()
#4 /Users/thang/Desktop/OneOfTheme/yii/framework/web/CController.php(266): SiteController->runActionWithFilters()
#5 /Users/thang/Desktop/OneOfTheme/yii/framework/web/CWebApplication.php(283): SiteController->run()
#6 /Users/thang/Desktop/OneOfTheme/yii/framework/web/CWebApplication.php(142): CWebApplication->runController()
#7 /Users/thang/Desktop/OneOfTheme/yii/framework/base/CApplication.php(162): CWebApplication->processRequest()
#8 /Users/thang/Desktop/OneOfTheme/yii/test/index.php(13): CWebApplication->run()
REQUEST_URI=/yii/test/index.php/site/sftp
in /Users/thang/Desktop/OneOfTheme/yii/test/protected/controllers/SiteController.php (113)
in /Users/thang/Desktop/OneOfTheme/yii/test/index.php (13)
2012/12/11 03:49:26 [error] [php] include(SftpComponent.php): failed to open stream: No such file or directory (/Users/thang/Desktop/OneOfTheme/yii/framework/YiiBase.php:423)
Stack trace:
#0 /Users/thang/Desktop/OneOfTheme/yii/test/protected/controllers/SiteController.php(113): spl_autoload_call()
#1 /Users/thang/Desktop/OneOfTheme/yii/framework/web/actions/CInlineAction.php(50): SiteController->actionSftp()
#2 /Users/thang/Desktop/OneOfTheme/yii/framework/web/CController.php(309): CInlineAction->runWithParams()
#3 /Users/thang/Desktop/OneOfTheme/yii/framework/web/CController.php(287): SiteController->runAction()
#4 /Users/thang/Desktop/OneOfTheme/yii/framework/web/CController.php(266): SiteController->runActionWithFilters()
#5 /Users/thang/Desktop/OneOfTheme/yii/framework/web/CWebApplication.php(283): SiteController->run()
#6 /Users/thang/Desktop/OneOfTheme/yii/framework/web/CWebApplication.php(142): CWebApplication->runController()
#7 /Users/thang/Desktop/OneOfTheme/yii/framework/base/CApplication.php(162): CWebApplication->processRequest()
#8 /Users/thang/Desktop/OneOfTheme/yii/test/index.php(13): CWebApplication->run()
REQUEST_URI=/yii/test/index.php/site/sftp
in /Users/thang/Desktop/OneOfTheme/yii/test/protected/controllers/SiteController.php (113)
in /Users/thang/Desktop/OneOfTheme/yii/test/index.php (13)
2012/12/11 03:51:24 [error] [php] Cannot connect to 127.0.0.1. Error 61. Connection refused (/Users/thang/Desktop/OneOfTheme/yii/test/protected/extensions/sftp/Net/SSH2.php:691)
Stack trace:
#0 /Users/thang/Desktop/OneOfTheme/yii/test/protected/extensions/sftp/SftpComponent.php(72): Net_SFTP->Net_SFTP()
#1 /Users/thang/Desktop/OneOfTheme/yii/test/protected/controllers/SiteController.php(114): SftpComponent->connect()
#2 /Users/thang/Desktop/OneOfTheme/yii/framework/web/actions/CInlineAction.php(50): SiteController->actionSftp()
#3 /Users/thang/Desktop/OneOfTheme/yii/framework/web/CController.php(309): CInlineAction->runWithParams()
#4 /Users/thang/Desktop/OneOfTheme/yii/framework/web/CController.php(287): SiteController->runAction()
#5 /Users/thang/Desktop/OneOfTheme/yii/framework/web/CController.php(266): SiteController->runActionWithFilters()
#6 /Users/thang/Desktop/OneOfTheme/yii/framework/web/CWebApplication.php(283): SiteController->run()
#7 /Users/thang/Desktop/OneOfTheme/yii/framework/web/CWebApplication.php(142): CWebApplication->runController()
#8 /Users/thang/Desktop/OneOfTheme/yii/framework/base/CApplication.php(162): CWebApplication->processRequest()
#9 /Users/thang/Desktop/OneOfTheme/yii/test/index.php(13): CWebApplication->run()
REQUEST_URI=/yii/test/index.php/site/sftp
in /Users/thang/Desktop/OneOfTheme/yii/test/protected/extensions/sftp/Net/SSH2.php (691)
in /Users/thang/Desktop/OneOfTheme/yii/test/protected/extensions/sftp/Net/SFTP.php (239)
in /Users/thang/Desktop/OneOfTheme/yii/test/protected/extensions/sftp/SftpComponent.php (72)
2012/12/11 03:56:13 [error] [php] Cannot connect to 127.0.0.1. Error 61. Connection refused (/Users/thang/Desktop/OneOfTheme/yii/test/protected/extensions/sftp/Net/SSH2.php:691)
Stack trace:
#0 /Users/thang/Desktop/OneOfTheme/yii/test/protected/extensions/sftp/SftpComponent.php(72): Net_SFTP->Net_SFTP()
#1 /Users/thang/Desktop/OneOfTheme/yii/test/protected/controllers/SiteController.php(114): SftpComponent->connect()
#2 /Users/thang/Desktop/OneOfTheme/yii/framework/web/actions/CInlineAction.php(50): SiteController->actionSftp()
#3 /Users/thang/Desktop/OneOfTheme/yii/framework/web/CController.php(309): CInlineAction->runWithParams()
#4 /Users/thang/Desktop/OneOfTheme/yii/framework/web/CController.php(287): SiteController->runAction()
#5 /Users/thang/Desktop/OneOfTheme/yii/framework/web/CController.php(266): SiteController->runActionWithFilters()
#6 /Users/thang/Desktop/OneOfTheme/yii/framework/web/CWebApplication.php(283): SiteController->run()
#7 /Users/thang/Desktop/OneOfTheme/yii/framework/web/CWebApplication.php(142): CWebApplication->runController()
#8 /Users/thang/Desktop/OneOfTheme/yii/framework/base/CApplication.php(162): CWebApplication->processRequest()
#9 /Users/thang/Desktop/OneOfTheme/yii/test/index.php(13): CWebApplication->run()
REQUEST_URI=/yii/test/index.php/site/sftp
in /Users/thang/Desktop/OneOfTheme/yii/test/protected/extensions/sftp/Net/SSH2.php (691)
in /Users/thang/Desktop/OneOfTheme/yii/test/protected/extensions/sftp/Net/SFTP.php (239)
in /Users/thang/Desktop/OneOfTheme/yii/test/protected/extensions/sftp/SftpComponent.php (72)
2012/12/11 03:56:14 [error] [php] Cannot connect to 127.0.0.1. Error 61. Connection refused (/Users/thang/Desktop/OneOfTheme/yii/test/protected/extensions/sftp/Net/SSH2.php:691)
Stack trace:
#0 /Users/thang/Desktop/OneOfTheme/yii/test/protected/extensions/sftp/SftpComponent.php(72): Net_SFTP->Net_SFTP()
#1 /Users/thang/Desktop/OneOfTheme/yii/test/protected/controllers/SiteController.php(114): SftpComponent->connect()
#2 /Users/thang/Desktop/OneOfTheme/yii/framework/web/actions/CInlineAction.php(50): SiteController->actionSftp()
#3 /Users/thang/Desktop/OneOfTheme/yii/framework/web/CController.php(309): CInlineAction->runWithParams()
#4 /Users/thang/Desktop/OneOfTheme/yii/framework/web/CController.php(287): SiteController->runAction()
#5 /Users/thang/Desktop/OneOfTheme/yii/framework/web/CController.php(266): SiteController->runActionWithFilters()
#6 /Users/thang/Desktop/OneOfTheme/yii/framework/web/CWebApplication.php(283): SiteController->run()
#7 /Users/thang/Desktop/OneOfTheme/yii/framework/web/CWebApplication.php(142): CWebApplication->runController()
#8 /Users/thang/Desktop/OneOfTheme/yii/framework/base/CApplication.php(162): CWebApplication->processRequest()
#9 /Users/thang/Desktop/OneOfTheme/yii/test/index.php(13): CWebApplication->run()
REQUEST_URI=/yii/test/index.php/site/sftp
in /Users/thang/Desktop/OneOfTheme/yii/test/protected/extensions/sftp/Net/SSH2.php (691)
in /Users/thang/Desktop/OneOfTheme/yii/test/protected/extensions/sftp/Net/SFTP.php (239)
in /Users/thang/Desktop/OneOfTheme/yii/test/protected/extensions/sftp/SftpComponent.php (72)
2012/12/11 03:56:14 [error] [php] Cannot connect to 127.0.0.1. Error 61. Connection refused (/Users/thang/Desktop/OneOfTheme/yii/test/protected/extensions/sftp/Net/SSH2.php:691)
Stack trace:
#0 /Users/thang/Desktop/OneOfTheme/yii/test/protected/extensions/sftp/SftpComponent.php(72): Net_SFTP->Net_SFTP()
#1 /Users/thang/Desktop/OneOfTheme/yii/test/protected/controllers/SiteController.php(114): SftpComponent->connect()
#2 /Users/thang/Desktop/OneOfTheme/yii/framework/web/actions/CInlineAction.php(50): SiteController->actionSftp()
#3 /Users/thang/Desktop/OneOfTheme/yii/framework/web/CController.php(309): CInlineAction->runWithParams()
#4 /Users/thang/Desktop/OneOfTheme/yii/framework/web/CController.php(287): SiteController->runAction()
#5 /Users/thang/Desktop/OneOfTheme/yii/framework/web/CController.php(266): SiteController->runActionWithFilters()
#6 /Users/thang/Desktop/OneOfTheme/yii/framework/web/CWebApplication.php(283): SiteController->run()
#7 /Users/thang/Desktop/OneOfTheme/yii/framework/web/CWebApplication.php(142): CWebApplication->runController()
#8 /Users/thang/Desktop/OneOfTheme/yii/framework/base/CApplication.php(162): CWebApplication->processRequest()
#9 /Users/thang/Desktop/OneOfTheme/yii/test/index.php(13): CWebApplication->run()
REQUEST_URI=/yii/test/index.php/site/sftp
in /Users/thang/Desktop/OneOfTheme/yii/test/protected/extensions/sftp/Net/SSH2.php (691)
in /Users/thang/Desktop/OneOfTheme/yii/test/protected/extensions/sftp/Net/SFTP.php (239)
in /Users/thang/Desktop/OneOfTheme/yii/test/protected/extensions/sftp/SftpComponent.php (72)
2012/12/11 03:56:14 [error] [php] Cannot connect to 127.0.0.1. Error 61. Connection refused (/Users/thang/Desktop/OneOfTheme/yii/test/protected/extensions/sftp/Net/SSH2.php:691)
Stack trace:
#0 /Users/thang/Desktop/OneOfTheme/yii/test/protected/extensions/sftp/SftpComponent.php(72): Net_SFTP->Net_SFTP()
#1 /Users/thang/Desktop/OneOfTheme/yii/test/protected/controllers/SiteController.php(114): SftpComponent->connect()
#2 /Users/thang/Desktop/OneOfTheme/yii/framework/web/actions/CInlineAction.php(50): SiteController->actionSftp()
#3 /Users/thang/Desktop/OneOfTheme/yii/framework/web/CController.php(309): CInlineAction->runWithParams()
#4 /Users/thang/Desktop/OneOfTheme/yii/framework/web/CController.php(287): SiteController->runAction()
#5 /Users/thang/Desktop/OneOfTheme/yii/framework/web/CController.php(266): SiteController->runActionWithFilters()
#6 /Users/thang/Desktop/OneOfTheme/yii/framework/web/CWebApplication.php(283): SiteController->run()
#7 /Users/thang/Desktop/OneOfTheme/yii/framework/web/CWebApplication.php(142): CWebApplication->runController()
#8 /Users/thang/Desktop/OneOfTheme/yii/framework/base/CApplication.php(162): CWebApplication->processRequest()
#9 /Users/thang/Desktop/OneOfTheme/yii/test/index.php(13): CWebApplication->run()
REQUEST_URI=/yii/test/index.php/site/sftp
in /Users/thang/Desktop/OneOfTheme/yii/test/protected/extensions/sftp/Net/SSH2.php (691)
in /Users/thang/Desktop/OneOfTheme/yii/test/protected/extensions/sftp/Net/SFTP.php (239)
in /Users/thang/Desktop/OneOfTheme/yii/test/protected/extensions/sftp/SftpComponent.php (72)
2012/12/11 03:56:14 [error] [php] Cannot connect to 127.0.0.1. Error 61. Connection refused (/Users/thang/Desktop/OneOfTheme/yii/test/protected/extensions/sftp/Net/SSH2.php:691)
Stack trace:
#0 /Users/thang/Desktop/OneOfTheme/yii/test/protected/extensions/sftp/SftpComponent.php(72): Net_SFTP->Net_SFTP()
#1 /Users/thang/Desktop/OneOfTheme/yii/test/protected/controllers/SiteController.php(114): SftpComponent->connect()
#2 /Users/thang/Desktop/OneOfTheme/yii/framework/web/actions/CInlineAction.php(50): SiteController->actionSftp()
#3 /Users/thang/Desktop/OneOfTheme/yii/framework/web/CController.php(309): CInlineAction->runWithParams()
#4 /Users/thang/Desktop/OneOfTheme/yii/framework/web/CController.php(287): SiteController->runAction()
#5 /Users/thang/Desktop/OneOfTheme/yii/framework/web/CController.php(266): SiteController->runActionWithFilters()
#6 /Users/thang/Desktop/OneOfTheme/yii/framework/web/CWebApplication.php(283): SiteController->run()
#7 /Users/thang/Desktop/OneOfTheme/yii/framework/web/CWebApplication.php(142): CWebApplication->runController()
#8 /Users/thang/Desktop/OneOfTheme/yii/framework/base/CApplication.php(162): CWebApplication->processRequest()
#9 /Users/thang/Desktop/OneOfTheme/yii/test/index.php(13): CWebApplication->run()
REQUEST_URI=/yii/test/index.php/site/sftp
in /Users/thang/Desktop/OneOfTheme/yii/test/protected/extensions/sftp/Net/SSH2.php (691)
in /Users/thang/Desktop/OneOfTheme/yii/test/protected/extensions/sftp/Net/SFTP.php (239)
in /Users/thang/Desktop/OneOfTheme/yii/test/protected/extensions/sftp/SftpComponent.php (72)
2012/12/11 03:56:14 [error] [php] Cannot connect to 127.0.0.1. Error 61. Connection refused (/Users/thang/Desktop/OneOfTheme/yii/test/protected/extensions/sftp/Net/SSH2.php:691)
Stack trace:
#0 /Users/thang/Desktop/OneOfTheme/yii/test/protected/extensions/sftp/SftpComponent.php(72): Net_SFTP->Net_SFTP()
#1 /Users/thang/Desktop/OneOfTheme/yii/test/protected/controllers/SiteController.php(114): SftpComponent->connect()
#2 /Users/thang/Desktop/OneOfTheme/yii/framework/web/actions/CInlineAction.php(50): SiteController->actionSftp()
#3 /Users/thang/Desktop/OneOfTheme/yii/framework/web/CController.php(309): CInlineAction->runWithParams()
#4 /Users/thang/Desktop/OneOfTheme/yii/framework/web/CController.php(287): SiteController->runAction()
#5 /Users/thang/Desktop/OneOfTheme/yii/framework/web/CController.php(266): SiteController->runActionWithFilters()
#6 /Users/thang/Desktop/OneOfTheme/yii/framework/web/CWebApplication.php(283): SiteController->run()
#7 /Users/thang/Desktop/OneOfTheme/yii/framework/web/CWebApplication.php(142): CWebApplication->runController()
#8 /Users/thang/Desktop/OneOfTheme/yii/framework/base/CApplication.php(162): CWebApplication->processRequest()
#9 /Users/thang/Desktop/OneOfTheme/yii/test/index.php(13): CWebApplication->run()
REQUEST_URI=/yii/test/index.php/site/sftp
in /Users/thang/Desktop/OneOfTheme/yii/test/protected/extensions/sftp/Net/SSH2.php (691)
in /Users/thang/Desktop/OneOfTheme/yii/test/protected/extensions/sftp/Net/SFTP.php (239)
in /Users/thang/Desktop/OneOfTheme/yii/test/protected/extensions/sftp/SftpComponent.php (72)
2012/12/11 03:57:20 [error] [php] Cannot connect to 127.0.0.1. Error 61. Connection refused (/Users/thang/Desktop/OneOfTheme/yii/test/protected/extensions/sftp/Net/SSH2.php:691)
Stack trace:
#0 /Users/thang/Desktop/OneOfTheme/yii/test/protected/extensions/sftp/SftpComponent.php(72): Net_SFTP->Net_SFTP()
#1 /Users/thang/Desktop/OneOfTheme/yii/test/protected/controllers/SiteController.php(114): SftpComponent->connect()
#2 /Users/thang/Desktop/OneOfTheme/yii/framework/web/actions/CInlineAction.php(50): SiteController->actionSftp()
#3 /Users/thang/Desktop/OneOfTheme/yii/framework/web/CController.php(309): CInlineAction->runWithParams()
#4 /Users/thang/Desktop/OneOfTheme/yii/framework/web/CController.php(287): SiteController->runAction()
#5 /Users/thang/Desktop/OneOfTheme/yii/framework/web/CController.php(266): SiteController->runActionWithFilters()
#6 /Users/thang/Desktop/OneOfTheme/yii/framework/web/CWebApplication.php(283): SiteController->run()
#7 /Users/thang/Desktop/OneOfTheme/yii/framework/web/CWebApplication.php(142): CWebApplication->runController()
#8 /Users/thang/Desktop/OneOfTheme/yii/framework/base/CApplication.php(162): CWebApplication->processRequest()
#9 /Users/thang/Desktop/OneOfTheme/yii/test/index.php(13): CWebApplication->run()
REQUEST_URI=/yii/test/index.php/site/sftp
in /Users/thang/Desktop/OneOfTheme/yii/test/protected/extensions/sftp/Net/SSH2.php (691)
in /Users/thang/Desktop/OneOfTheme/yii/test/protected/extensions/sftp/Net/SFTP.php (239)
in /Users/thang/Desktop/OneOfTheme/yii/test/protected/extensions/sftp/SftpComponent.php (72)
2012/12/11 03:57:21 [error] [php] Cannot connect to 127.0.0.1. Error 61. Connection refused (/Users/thang/Desktop/OneOfTheme/yii/test/protected/extensions/sftp/Net/SSH2.php:691)
Stack trace:
#0 /Users/thang/Desktop/OneOfTheme/yii/test/protected/extensions/sftp/SftpComponent.php(72): Net_SFTP->Net_SFTP()
#1 /Users/thang/Desktop/OneOfTheme/yii/test/protected/controllers/SiteController.php(114): SftpComponent->connect()
#2 /Users/thang/Desktop/OneOfTheme/yii/framework/web/actions/CInlineAction.php(50): SiteController->actionSftp()
#3 /Users/thang/Desktop/OneOfTheme/yii/framework/web/CController.php(309): CInlineAction->runWithParams()
#4 /Users/thang/Desktop/OneOfTheme/yii/framework/web/CController.php(287): SiteController->runAction()
#5 /Users/thang/Desktop/OneOfTheme/yii/framework/web/CController.php(266): SiteController->runActionWithFilters()
#6 /Users/thang/Desktop/OneOfTheme/yii/framework/web/CWebApplication.php(283): SiteController->run()
#7 /Users/thang/Desktop/OneOfTheme/yii/framework/web/CWebApplication.php(142): CWebApplication->runController()
#8 /Users/thang/Desktop/OneOfTheme/yii/framework/base/CApplication.php(162): CWebApplication->processRequest()
#9 /Users/thang/Desktop/OneOfTheme/yii/test/index.php(13): CWebApplication->run()
REQUEST_URI=/yii/test/index.php/site/sftp
in /Users/thang/Desktop/OneOfTheme/yii/test/protected/extensions/sftp/Net/SSH2.php (691)
in /Users/thang/Desktop/OneOfTheme/yii/test/protected/extensions/sftp/Net/SFTP.php (239)
in /Users/thang/Desktop/OneOfTheme/yii/test/protected/extensions/sftp/SftpComponent.php (72)
2012/12/11 03:57:22 [error] [php] Cannot connect to 127.0.0.1. Error 61. Connection refused (/Users/thang/Desktop/OneOfTheme/yii/test/protected/extensions/sftp/Net/SSH2.php:691)
Stack trace:
#0 /Users/thang/Desktop/OneOfTheme/yii/test/protected/extensions/sftp/SftpComponent.php(72): Net_SFTP->Net_SFTP()
#1 /Users/thang/Desktop/OneOfTheme/yii/test/protected/controllers/SiteController.php(114): SftpComponent->connect()
#2 /Users/thang/Desktop/OneOfTheme/yii/framework/web/actions/CInlineAction.php(50): SiteController->actionSftp()
#3 /Users/thang/Desktop/OneOfTheme/yii/framework/web/CController.php(309): CInlineAction->runWithParams()
#4 /Users/thang/Desktop/OneOfTheme/yii/framework/web/CController.php(287): SiteController->runAction()
#5 /Users/thang/Desktop/OneOfTheme/yii/framework/web/CController.php(266): SiteController->runActionWithFilters()
#6 /Users/thang/Desktop/OneOfTheme/yii/framework/web/CWebApplication.php(283): SiteController->run()
#7 /Users/thang/Desktop/OneOfTheme/yii/framework/web/CWebApplication.php(142): CWebApplication->runController()
#8 /Users/thang/Desktop/OneOfTheme/yii/framework/base/CApplication.php(162): CWebApplication->processRequest()
#9 /Users/thang/Desktop/OneOfTheme/yii/test/index.php(13): CWebApplication->run()
REQUEST_URI=/yii/test/index.php/site/sftp
in /Users/thang/Desktop/OneOfTheme/yii/test/protected/extensions/sftp/Net/SSH2.php (691)
in /Users/thang/Desktop/OneOfTheme/yii/test/protected/extensions/sftp/Net/SFTP.php (239)
in /Users/thang/Desktop/OneOfTheme/yii/test/protected/extensions/sftp/SftpComponent.php (72)
2012/12/11 03:57:22 [error] [php] Cannot connect to 127.0.0.1. Error 61. Connection refused (/Users/thang/Desktop/OneOfTheme/yii/test/protected/extensions/sftp/Net/SSH2.php:691)
Stack trace:
#0 /Users/thang/Desktop/OneOfTheme/yii/test/protected/extensions/sftp/SftpComponent.php(72): Net_SFTP->Net_SFTP()
#1 /Users/thang/Desktop/OneOfTheme/yii/test/protected/controllers/SiteController.php(114): SftpComponent->connect()
#2 /Users/thang/Desktop/OneOfTheme/yii/framework/web/actions/CInlineAction.php(50): SiteController->actionSftp()
#3 /Users/thang/Desktop/OneOfTheme/yii/framework/web/CController.php(309): CInlineAction->runWithParams()
#4 /Users/thang/Desktop/OneOfTheme/yii/framework/web/CController.php(287): SiteController->runAction()
#5 /Users/thang/Desktop/OneOfTheme/yii/framework/web/CController.php(266): SiteController->runActionWithFilters()
#6 /Users/thang/Desktop/OneOfTheme/yii/framework/web/CWebApplication.php(283): SiteController->run()
#7 /Users/thang/Desktop/OneOfTheme/yii/framework/web/CWebApplication.php(142): CWebApplication->runController()
#8 /Users/thang/Desktop/OneOfTheme/yii/framework/base/CApplication.php(162): CWebApplication->processRequest()
#9 /Users/thang/Desktop/OneOfTheme/yii/test/index.php(13): CWebApplication->run()
REQUEST_URI=/yii/test/index.php/site/sftp
in /Users/thang/Desktop/OneOfTheme/yii/test/protected/extensions/sftp/Net/SSH2.php (691)
in /Users/thang/Desktop/OneOfTheme/yii/test/protected/extensions/sftp/Net/SFTP.php (239)
in /Users/thang/Desktop/OneOfTheme/yii/test/protected/extensions/sftp/SftpComponent.php (72)
2012/12/11 03:57:22 [error] [php] Cannot connect to 127.0.0.1. Error 61. Connection refused (/Users/thang/Desktop/OneOfTheme/yii/test/protected/extensions/sftp/Net/SSH2.php:691)
Stack trace:
#0 /Users/thang/Desktop/OneOfTheme/yii/test/protected/extensions/sftp/SftpComponent.php(72): Net_SFTP->Net_SFTP()
#1 /Users/thang/Desktop/OneOfTheme/yii/test/protected/controllers/SiteController.php(114): SftpComponent->connect()
#2 /Users/thang/Desktop/OneOfTheme/yii/framework/web/actions/CInlineAction.php(50): SiteController->actionSftp()
#3 /Users/thang/Desktop/OneOfTheme/yii/framework/web/CController.php(309): CInlineAction->runWithParams()
#4 /Users/thang/Desktop/OneOfTheme/yii/framework/web/CController.php(287): SiteController->runAction()
#5 /Users/thang/Desktop/OneOfTheme/yii/framework/web/CController.php(266): SiteController->runActionWithFilters()
#6 /Users/thang/Desktop/OneOfTheme/yii/framework/web/CWebApplication.php(283): SiteController->run()
#7 /Users/thang/Desktop/OneOfTheme/yii/framework/web/CWebApplication.php(142): CWebApplication->runController()
#8 /Users/thang/Desktop/OneOfTheme/yii/framework/base/CApplication.php(162): CWebApplication->processRequest()
#9 /Users/thang/Desktop/OneOfTheme/yii/test/index.php(13): CWebApplication->run()
REQUEST_URI=/yii/test/index.php/site/sftp
in /Users/thang/Desktop/OneOfTheme/yii/test/protected/extensions/sftp/Net/SSH2.php (691)
in /Users/thang/Desktop/OneOfTheme/yii/test/protected/extensions/sftp/Net/SFTP.php (239)
in /Users/thang/Desktop/OneOfTheme/yii/test/protected/extensions/sftp/SftpComponent.php (72)
2012/12/11 04:00:26 [error] [php] Cannot connect to 127.0.0.1. Error 61. Connection refused (/Users/thang/Desktop/OneOfTheme/yii/test/protected/extensions/sftp/Net/SSH2.php:691)
Stack trace:
#0 /Users/thang/Desktop/OneOfTheme/yii/test/protected/extensions/sftp/SftpComponent.php(72): Net_SFTP->Net_SFTP()
#1 /Users/thang/Desktop/OneOfTheme/yii/test/protected/controllers/SiteController.php(114): SftpComponent->connect()
#2 /Users/thang/Desktop/OneOfTheme/yii/framework/web/actions/CInlineAction.php(50): SiteController->actionSftp()
#3 /Users/thang/Desktop/OneOfTheme/yii/framework/web/CController.php(309): CInlineAction->runWithParams()
#4 /Users/thang/Desktop/OneOfTheme/yii/framework/web/CController.php(287): SiteController->runAction()
#5 /Users/thang/Desktop/OneOfTheme/yii/framework/web/CController.php(266): SiteController->runActionWithFilters()
#6 /Users/thang/Desktop/OneOfTheme/yii/framework/web/CWebApplication.php(283): SiteController->run()
#7 /Users/thang/Desktop/OneOfTheme/yii/framework/web/CWebApplication.php(142): CWebApplication->runController()
#8 /Users/thang/Desktop/OneOfTheme/yii/framework/base/CApplication.php(162): CWebApplication->processRequest()
#9 /Users/thang/Desktop/OneOfTheme/yii/test/index.php(13): CWebApplication->run()
REQUEST_URI=/yii/test/index.php/site/sftp
in /Users/thang/Desktop/OneOfTheme/yii/test/protected/extensions/sftp/Net/SSH2.php (691)
in /Users/thang/Desktop/OneOfTheme/yii/test/protected/extensions/sftp/Net/SFTP.php (239)
in /Users/thang/Desktop/OneOfTheme/yii/test/protected/extensions/sftp/SftpComponent.php (72)
2012/12/11 04:01:41 [error] [php] Cannot connect to 127.0.0.1. Error 61. Connection refused (/Users/thang/Desktop/OneOfTheme/yii/test/protected/extensions/sftp/Net/SSH2.php:691)
Stack trace:
#0 /Users/thang/Desktop/OneOfTheme/yii/test/protected/extensions/sftp/SftpComponent.php(72): Net_SFTP->Net_SFTP()
#1 /Users/thang/Desktop/OneOfTheme/yii/test/protected/controllers/SiteController.php(114): SftpComponent->connect()
#2 /Users/thang/Desktop/OneOfTheme/yii/framework/web/actions/CInlineAction.php(50): SiteController->actionSftp()
#3 /Users/thang/Desktop/OneOfTheme/yii/framework/web/CController.php(309): CInlineAction->runWithParams()
#4 /Users/thang/Desktop/OneOfTheme/yii/framework/web/CController.php(287): SiteController->runAction()
#5 /Users/thang/Desktop/OneOfTheme/yii/framework/web/CController.php(266): SiteController->runActionWithFilters()
#6 /Users/thang/Desktop/OneOfTheme/yii/framework/web/CWebApplication.php(283): SiteController->run()
#7 /Users/thang/Desktop/OneOfTheme/yii/framework/web/CWebApplication.php(142): CWebApplication->runController()
#8 /Users/thang/Desktop/OneOfTheme/yii/framework/base/CApplication.php(162): CWebApplication->processRequest()
#9 /Users/thang/Desktop/OneOfTheme/yii/test/index.php(13): CWebApplication->run()
REQUEST_URI=/yii/test/index.php/site/sftp
2012/12/11 04:02:08 [error] [php] Cannot connect to 127.0.0.1. Error 61. Connection refused (/Users/thang/Desktop/OneOfTheme/yii/test/protected/extensions/sftp/Net/SSH2.php:691)
Stack trace:
#0 /Users/thang/Desktop/OneOfTheme/yii/test/protected/extensions/sftp/SftpComponent.php(72): Net_SFTP->Net_SFTP()
#1 /Users/thang/Desktop/OneOfTheme/yii/test/protected/controllers/SiteController.php(114): SftpComponent->connect()
#2 /Users/thang/Desktop/OneOfTheme/yii/framework/web/actions/CInlineAction.php(50): SiteController->actionSftp()
#3 /Users/thang/Desktop/OneOfTheme/yii/framework/web/CController.php(309): CInlineAction->runWithParams()
#4 /Users/thang/Desktop/OneOfTheme/yii/framework/web/CController.php(287): SiteController->runAction()
#5 /Users/thang/Desktop/OneOfTheme/yii/framework/web/CController.php(266): SiteController->runActionWithFilters()
#6 /Users/thang/Desktop/OneOfTheme/yii/framework/web/CWebApplication.php(283): SiteController->run()
#7 /Users/thang/Desktop/OneOfTheme/yii/framework/web/CWebApplication.php(142): CWebApplication->runController()
#8 /Users/thang/Desktop/OneOfTheme/yii/framework/base/CApplication.php(162): CWebApplication->processRequest()
#9 /Users/thang/Desktop/OneOfTheme/yii/test/index.php(13): CWebApplication->run()
REQUEST_URI=/yii/test/index.php/site/sftp
2012/12/11 04:02:09 [error] [php] Cannot connect to 127.0.0.1. Error 61. Connection refused (/Users/thang/Desktop/OneOfTheme/yii/test/protected/extensions/sftp/Net/SSH2.php:691)
Stack trace:
#0 /Users/thang/Desktop/OneOfTheme/yii/test/protected/extensions/sftp/SftpComponent.php(72): Net_SFTP->Net_SFTP()
#1 /Users/thang/Desktop/OneOfTheme/yii/test/protected/controllers/SiteController.php(114): SftpComponent->connect()
#2 /Users/thang/Desktop/OneOfTheme/yii/framework/web/actions/CInlineAction.php(50): SiteController->actionSftp()
#3 /Users/thang/Desktop/OneOfTheme/yii/framework/web/CController.php(309): CInlineAction->runWithParams()
#4 /Users/thang/Desktop/OneOfTheme/yii/framework/web/CController.php(287): SiteController->runAction()
#5 /Users/thang/Desktop/OneOfTheme/yii/framework/web/CController.php(266): SiteController->runActionWithFilters()
#6 /Users/thang/Desktop/OneOfTheme/yii/framework/web/CWebApplication.php(283): SiteController->run()
#7 /Users/thang/Desktop/OneOfTheme/yii/framework/web/CWebApplication.php(142): CWebApplication->runController()
#8 /Users/thang/Desktop/OneOfTheme/yii/framework/base/CApplication.php(162): CWebApplication->processRequest()
#9 /Users/thang/Desktop/OneOfTheme/yii/test/index.php(13): CWebApplication->run()
REQUEST_URI=/yii/test/index.php/site/sftp
2012/12/11 04:02:09 [error] [php] Cannot connect to 127.0.0.1. Error 61. Connection refused (/Users/thang/Desktop/OneOfTheme/yii/test/protected/extensions/sftp/Net/SSH2.php:691)
Stack trace:
#0 /Users/thang/Desktop/OneOfTheme/yii/test/protected/extensions/sftp/SftpComponent.php(72): Net_SFTP->Net_SFTP()
#1 /Users/thang/Desktop/OneOfTheme/yii/test/protected/controllers/SiteController.php(114): SftpComponent->connect()
#2 /Users/thang/Desktop/OneOfTheme/yii/framework/web/actions/CInlineAction.php(50): SiteController->actionSftp()
#3 /Users/thang/Desktop/OneOfTheme/yii/framework/web/CController.php(309): CInlineAction->runWithParams()
#4 /Users/thang/Desktop/OneOfTheme/yii/framework/web/CController.php(287): SiteController->runAction()
#5 /Users/thang/Desktop/OneOfTheme/yii/framework/web/CController.php(266): SiteController->runActionWithFilters()
#6 /Users/thang/Desktop/OneOfTheme/yii/framework/web/CWebApplication.php(283): SiteController->run()
#7 /Users/thang/Desktop/OneOfTheme/yii/framework/web/CWebApplication.php(142): CWebApplication->runController()
#8 /Users/thang/Desktop/OneOfTheme/yii/framework/base/CApplication.php(162): CWebApplication->processRequest()
#9 /Users/thang/Desktop/OneOfTheme/yii/test/index.php(13): CWebApplication->run()
REQUEST_URI=/yii/test/index.php/site/sftp
2012/12/11 04:02:10 [error] [php] Cannot connect to 127.0.0.1. Error 61. Connection refused (/Users/thang/Desktop/OneOfTheme/yii/test/protected/extensions/sftp/Net/SSH2.php:691)
Stack trace:
#0 /Users/thang/Desktop/OneOfTheme/yii/test/protected/extensions/sftp/SftpComponent.php(72): Net_SFTP->Net_SFTP()
#1 /Users/thang/Desktop/OneOfTheme/yii/test/protected/controllers/SiteController.php(114): SftpComponent->connect()
#2 /Users/thang/Desktop/OneOfTheme/yii/framework/web/actions/CInlineAction.php(50): SiteController->actionSftp()
#3 /Users/thang/Desktop/OneOfTheme/yii/framework/web/CController.php(309): CInlineAction->runWithParams()
#4 /Users/thang/Desktop/OneOfTheme/yii/framework/web/CController.php(287): SiteController->runAction()
#5 /Users/thang/Desktop/OneOfTheme/yii/framework/web/CController.php(266): SiteController->runActionWithFilters()
#6 /Users/thang/Desktop/OneOfTheme/yii/framework/web/CWebApplication.php(283): SiteController->run()
#7 /Users/thang/Desktop/OneOfTheme/yii/framework/web/CWebApplication.php(142): CWebApplication->runController()
#8 /Users/thang/Desktop/OneOfTheme/yii/framework/base/CApplication.php(162): CWebApplication->processRequest()
#9 /Users/thang/Desktop/OneOfTheme/yii/test/index.php(13): CWebApplication->run()
REQUEST_URI=/yii/test/index.php/site/sftp
2012/12/11 04:02:10 [error] [php] Cannot connect to 127.0.0.1. Error 61. Connection refused (/Users/thang/Desktop/OneOfTheme/yii/test/protected/extensions/sftp/Net/SSH2.php:691)
Stack trace:
#0 /Users/thang/Desktop/OneOfTheme/yii/test/protected/extensions/sftp/SftpComponent.php(72): Net_SFTP->Net_SFTP()
#1 /Users/thang/Desktop/OneOfTheme/yii/test/protected/controllers/SiteController.php(114): SftpComponent->connect()
#2 /Users/thang/Desktop/OneOfTheme/yii/framework/web/actions/CInlineAction.php(50): SiteController->actionSftp()
#3 /Users/thang/Desktop/OneOfTheme/yii/framework/web/CController.php(309): CInlineAction->runWithParams()
#4 /Users/thang/Desktop/OneOfTheme/yii/framework/web/CController.php(287): SiteController->runAction()
#5 /Users/thang/Desktop/OneOfTheme/yii/framework/web/CController.php(266): SiteController->runActionWithFilters()
#6 /Users/thang/Desktop/OneOfTheme/yii/framework/web/CWebApplication.php(283): SiteController->run()
#7 /Users/thang/Desktop/OneOfTheme/yii/framework/web/CWebApplication.php(142): CWebApplication->runController()
#8 /Users/thang/Desktop/OneOfTheme/yii/framework/base/CApplication.php(162): CWebApplication->processRequest()
#9 /Users/thang/Desktop/OneOfTheme/yii/test/index.php(13): CWebApplication->run()
REQUEST_URI=/yii/test/index.php/site/sftp
2012/12/11 04:02:10 [error] [php] Cannot connect to 127.0.0.1. Error 61. Connection refused (/Users/thang/Desktop/OneOfTheme/yii/test/protected/extensions/sftp/Net/SSH2.php:691)
Stack trace:
#0 /Users/thang/Desktop/OneOfTheme/yii/test/protected/extensions/sftp/SftpComponent.php(72): Net_SFTP->Net_SFTP()
#1 /Users/thang/Desktop/OneOfTheme/yii/test/protected/controllers/SiteController.php(114): SftpComponent->connect()
#2 /Users/thang/Desktop/OneOfTheme/yii/framework/web/actions/CInlineAction.php(50): SiteController->actionSftp()
#3 /Users/thang/Desktop/OneOfTheme/yii/framework/web/CController.php(309): CInlineAction->runWithParams()
#4 /Users/thang/Desktop/OneOfTheme/yii/framework/web/CController.php(287): SiteController->runAction()
#5 /Users/thang/Desktop/OneOfTheme/yii/framework/web/CController.php(266): SiteController->runActionWithFilters()
#6 /Users/thang/Desktop/OneOfTheme/yii/framework/web/CWebApplication.php(283): SiteController->run()
#7 /Users/thang/Desktop/OneOfTheme/yii/framework/web/CWebApplication.php(142): CWebApplication->runController()
#8 /Users/thang/Desktop/OneOfTheme/yii/framework/base/CApplication.php(162): CWebApplication->processRequest()
#9 /Users/thang/Desktop/OneOfTheme/yii/test/index.php(13): CWebApplication->run()
REQUEST_URI=/yii/test/index.php/site/sftp
2012/12/11 04:02:10 [error] [php] Cannot connect to 127.0.0.1. Error 61. Connection refused (/Users/thang/Desktop/OneOfTheme/yii/test/protected/extensions/sftp/Net/SSH2.php:691)
Stack trace:
#0 /Users/thang/Desktop/OneOfTheme/yii/test/protected/extensions/sftp/SftpComponent.php(72): Net_SFTP->Net_SFTP()
#1 /Users/thang/Desktop/OneOfTheme/yii/test/protected/controllers/SiteController.php(114): SftpComponent->connect()
#2 /Users/thang/Desktop/OneOfTheme/yii/framework/web/actions/CInlineAction.php(50): SiteController->actionSftp()
#3 /Users/thang/Desktop/OneOfTheme/yii/framework/web/CController.php(309): CInlineAction->runWithParams()
#4 /Users/thang/Desktop/OneOfTheme/yii/framework/web/CController.php(287): SiteController->runAction()
#5 /Users/thang/Desktop/OneOfTheme/yii/framework/web/CController.php(266): SiteController->runActionWithFilters()
#6 /Users/thang/Desktop/OneOfTheme/yii/framework/web/CWebApplication.php(283): SiteController->run()
#7 /Users/thang/Desktop/OneOfTheme/yii/framework/web/CWebApplication.php(142): CWebApplication->runController()
#8 /Users/thang/Desktop/OneOfTheme/yii/framework/base/CApplication.php(162): CWebApplication->processRequest()
#9 /Users/thang/Desktop/OneOfTheme/yii/test/index.php(13): CWebApplication->run()
REQUEST_URI=/yii/test/index.php/site/sftp
2012/12/11 04:02:10 [error] [php] Cannot connect to 127.0.0.1. Error 61. Connection refused (/Users/thang/Desktop/OneOfTheme/yii/test/protected/extensions/sftp/Net/SSH2.php:691)
Stack trace:
#0 /Users/thang/Desktop/OneOfTheme/yii/test/protected/extensions/sftp/SftpComponent.php(72): Net_SFTP->Net_SFTP()
#1 /Users/thang/Desktop/OneOfTheme/yii/test/protected/controllers/SiteController.php(114): SftpComponent->connect()
#2 /Users/thang/Desktop/OneOfTheme/yii/framework/web/actions/CInlineAction.php(50): SiteController->actionSftp()
#3 /Users/thang/Desktop/OneOfTheme/yii/framework/web/CController.php(309): CInlineAction->runWithParams()
#4 /Users/thang/Desktop/OneOfTheme/yii/framework/web/CController.php(287): SiteController->runAction()
#5 /Users/thang/Desktop/OneOfTheme/yii/framework/web/CController.php(266): SiteController->runActionWithFilters()
#6 /Users/thang/Desktop/OneOfTheme/yii/framework/web/CWebApplication.php(283): SiteController->run()
#7 /Users/thang/Desktop/OneOfTheme/yii/framework/web/CWebApplication.php(142): CWebApplication->runController()
#8 /Users/thang/Desktop/OneOfTheme/yii/framework/base/CApplication.php(162): CWebApplication->processRequest()
#9 /Users/thang/Desktop/OneOfTheme/yii/test/index.php(13): CWebApplication->run()
REQUEST_URI=/yii/test/index.php/site/sftp
2012/12/11 04:02:11 [error] [php] Cannot connect to 127.0.0.1. Error 61. Connection refused (/Users/thang/Desktop/OneOfTheme/yii/test/protected/extensions/sftp/Net/SSH2.php:691)
Stack trace:
#0 /Users/thang/Desktop/OneOfTheme/yii/test/protected/extensions/sftp/SftpComponent.php(72): Net_SFTP->Net_SFTP()
#1 /Users/thang/Desktop/OneOfTheme/yii/test/protected/controllers/SiteController.php(114): SftpComponent->connect()
#2 /Users/thang/Desktop/OneOfTheme/yii/framework/web/actions/CInlineAction.php(50): SiteController->actionSftp()
#3 /Users/thang/Desktop/OneOfTheme/yii/framework/web/CController.php(309): CInlineAction->runWithParams()
#4 /Users/thang/Desktop/OneOfTheme/yii/framework/web/CController.php(287): SiteController->runAction()
#5 /Users/thang/Desktop/OneOfTheme/yii/framework/web/CController.php(266): SiteController->runActionWithFilters()
#6 /Users/thang/Desktop/OneOfTheme/yii/framework/web/CWebApplication.php(283): SiteController->run()
#7 /Users/thang/Desktop/OneOfTheme/yii/framework/web/CWebApplication.php(142): CWebApplication->runController()
#8 /Users/thang/Desktop/OneOfTheme/yii/framework/base/CApplication.php(162): CWebApplication->processRequest()
#9 /Users/thang/Desktop/OneOfTheme/yii/test/index.php(13): CWebApplication->run()
REQUEST_URI=/yii/test/index.php/site/sftp
2012/12/11 04:02:30 [error] [php] Cannot connect to 127.0.0.1. Error 61. Connection refused (/Users/thang/Desktop/OneOfTheme/yii/test/protected/extensions/sftp/Net/SSH2.php:691)
Stack trace:
#0 /Users/thang/Desktop/OneOfTheme/yii/test/protected/extensions/sftp/SftpComponent.php(72): Net_SFTP->Net_SFTP()
#1 /Users/thang/Desktop/OneOfTheme/yii/test/protected/controllers/SiteController.php(114): SftpComponent->connect()
#2 /Users/thang/Desktop/OneOfTheme/yii/framework/web/actions/CInlineAction.php(50): SiteController->actionSftp()
#3 /Users/thang/Desktop/OneOfTheme/yii/framework/web/CController.php(309): CInlineAction->runWithParams()
#4 /Users/thang/Desktop/OneOfTheme/yii/framework/web/CController.php(287): SiteController->runAction()
#5 /Users/thang/Desktop/OneOfTheme/yii/framework/web/CController.php(266): SiteController->runActionWithFilters()
#6 /Users/thang/Desktop/OneOfTheme/yii/framework/web/CWebApplication.php(283): SiteController->run()
#7 /Users/thang/Desktop/OneOfTheme/yii/framework/web/CWebApplication.php(142): CWebApplication->runController()
#8 /Users/thang/Desktop/OneOfTheme/yii/framework/base/CApplication.php(162): CWebApplication->processRequest()
#9 /Users/thang/Desktop/OneOfTheme/yii/test/index.php(13): CWebApplication->run()
REQUEST_URI=/yii/test/index.php/site/sftp
2012/12/11 04:02:31 [error] [php] Cannot connect to 127.0.0.1. Error 61. Connection refused (/Users/thang/Desktop/OneOfTheme/yii/test/protected/extensions/sftp/Net/SSH2.php:691)
Stack trace:
#0 /Users/thang/Desktop/OneOfTheme/yii/test/protected/extensions/sftp/SftpComponent.php(72): Net_SFTP->Net_SFTP()
#1 /Users/thang/Desktop/OneOfTheme/yii/test/protected/controllers/SiteController.php(114): SftpComponent->connect()
#2 /Users/thang/Desktop/OneOfTheme/yii/framework/web/actions/CInlineAction.php(50): SiteController->actionSftp()
#3 /Users/thang/Desktop/OneOfTheme/yii/framework/web/CController.php(309): CInlineAction->runWithParams()
#4 /Users/thang/Desktop/OneOfTheme/yii/framework/web/CController.php(287): SiteController->runAction()
#5 /Users/thang/Desktop/OneOfTheme/yii/framework/web/CController.php(266): SiteController->runActionWithFilters()
#6 /Users/thang/Desktop/OneOfTheme/yii/framework/web/CWebApplication.php(283): SiteController->run()
#7 /Users/thang/Desktop/OneOfTheme/yii/framework/web/CWebApplication.php(142): CWebApplication->runController()
#8 /Users/thang/Desktop/OneOfTheme/yii/framework/base/CApplication.php(162): CWebApplication->processRequest()
#9 /Users/thang/Desktop/OneOfTheme/yii/test/index.php(13): CWebApplication->run()
REQUEST_URI=/yii/test/index.php/site/sftp
2012/12/11 04:02:31 [error] [php] Cannot connect to 127.0.0.1. Error 61. Connection refused (/Users/thang/Desktop/OneOfTheme/yii/test/protected/extensions/sftp/Net/SSH2.php:691)
Stack trace:
#0 /Users/thang/Desktop/OneOfTheme/yii/test/protected/extensions/sftp/SftpComponent.php(72): Net_SFTP->Net_SFTP()
#1 /Users/thang/Desktop/OneOfTheme/yii/test/protected/controllers/SiteController.php(114): SftpComponent->connect()
#2 /Users/thang/Desktop/OneOfTheme/yii/framework/web/actions/CInlineAction.php(50): SiteController->actionSftp()
#3 /Users/thang/Desktop/OneOfTheme/yii/framework/web/CController.php(309): CInlineAction->runWithParams()
#4 /Users/thang/Desktop/OneOfTheme/yii/framework/web/CController.php(287): SiteController->runAction()
#5 /Users/thang/Desktop/OneOfTheme/yii/framework/web/CController.php(266): SiteController->runActionWithFilters()
#6 /Users/thang/Desktop/OneOfTheme/yii/framework/web/CWebApplication.php(283): SiteController->run()
#7 /Users/thang/Desktop/OneOfTheme/yii/framework/web/CWebApplication.php(142): CWebApplication->runController()
#8 /Users/thang/Desktop/OneOfTheme/yii/framework/base/CApplication.php(162): CWebApplication->processRequest()
#9 /Users/thang/Desktop/OneOfTheme/yii/test/index.php(13): CWebApplication->run()
REQUEST_URI=/yii/test/index.php/site/sftp
2012/12/11 04:02:31 [error] [php] Cannot connect to 127.0.0.1. Error 61. Connection refused (/Users/thang/Desktop/OneOfTheme/yii/test/protected/extensions/sftp/Net/SSH2.php:691)
Stack trace:
#0 /Users/thang/Desktop/OneOfTheme/yii/test/protected/extensions/sftp/SftpComponent.php(72): Net_SFTP->Net_SFTP()
#1 /Users/thang/Desktop/OneOfTheme/yii/test/protected/controllers/SiteController.php(114): SftpComponent->connect()
#2 /Users/thang/Desktop/OneOfTheme/yii/framework/web/actions/CInlineAction.php(50): SiteController->actionSftp()
#3 /Users/thang/Desktop/OneOfTheme/yii/framework/web/CController.php(309): CInlineAction->runWithParams()
#4 /Users/thang/Desktop/OneOfTheme/yii/framework/web/CController.php(287): SiteController->runAction()
#5 /Users/thang/Desktop/OneOfTheme/yii/framework/web/CController.php(266): SiteController->runActionWithFilters()
#6 /Users/thang/Desktop/OneOfTheme/yii/framework/web/CWebApplication.php(283): SiteController->run()
#7 /Users/thang/Desktop/OneOfTheme/yii/framework/web/CWebApplication.php(142): CWebApplication->runController()
#8 /Users/thang/Desktop/OneOfTheme/yii/framework/base/CApplication.php(162): CWebApplication->processRequest()
#9 /Users/thang/Desktop/OneOfTheme/yii/test/index.php(13): CWebApplication->run()
REQUEST_URI=/yii/test/index.php/site/sftp
2012/12/11 04:02:37 [error] [php] Cannot connect to 127.0.0.1. Error 61. Connection refused (/Users/thang/Desktop/OneOfTheme/yii/test/protected/extensions/sftp/Net/SSH2.php:691)
Stack trace:
#0 /Users/thang/Desktop/OneOfTheme/yii/test/protected/extensions/sftp/SftpComponent.php(72): Net_SFTP->Net_SFTP()
#1 /Users/thang/Desktop/OneOfTheme/yii/test/protected/controllers/SiteController.php(114): SftpComponent->connect()
#2 /Users/thang/Desktop/OneOfTheme/yii/framework/web/actions/CInlineAction.php(50): SiteController->actionSftp()
#3 /Users/thang/Desktop/OneOfTheme/yii/framework/web/CController.php(309): CInlineAction->runWithParams()
#4 /Users/thang/Desktop/OneOfTheme/yii/framework/web/CController.php(287): SiteController->runAction()
#5 /Users/thang/Desktop/OneOfTheme/yii/framework/web/CController.php(266): SiteController->runActionWithFilters()
#6 /Users/thang/Desktop/OneOfTheme/yii/framework/web/CWebApplication.php(283): SiteController->run()
#7 /Users/thang/Desktop/OneOfTheme/yii/framework/web/CWebApplication.php(142): CWebApplication->runController()
#8 /Users/thang/Desktop/OneOfTheme/yii/framework/base/CApplication.php(162): CWebApplication->processRequest()
#9 /Users/thang/Desktop/OneOfTheme/yii/test/index.php(13): CWebApplication->run()
REQUEST_URI=/yii/test/index.php/site/sftp
2012/12/11 04:02:38 [error] [php] Cannot connect to 127.0.0.1. Error 61. Connection refused (/Users/thang/Desktop/OneOfTheme/yii/test/protected/extensions/sftp/Net/SSH2.php:691)
Stack trace:
#0 /Users/thang/Desktop/OneOfTheme/yii/test/protected/extensions/sftp/SftpComponent.php(72): Net_SFTP->Net_SFTP()
#1 /Users/thang/Desktop/OneOfTheme/yii/test/protected/controllers/SiteController.php(114): SftpComponent->connect()
#2 /Users/thang/Desktop/OneOfTheme/yii/framework/web/actions/CInlineAction.php(50): SiteController->actionSftp()
#3 /Users/thang/Desktop/OneOfTheme/yii/framework/web/CController.php(309): CInlineAction->runWithParams()
#4 /Users/thang/Desktop/OneOfTheme/yii/framework/web/CController.php(287): SiteController->runAction()
#5 /Users/thang/Desktop/OneOfTheme/yii/framework/web/CController.php(266): SiteController->runActionWithFilters()
#6 /Users/thang/Desktop/OneOfTheme/yii/framework/web/CWebApplication.php(283): SiteController->run()
#7 /Users/thang/Desktop/OneOfTheme/yii/framework/web/CWebApplication.php(142): CWebApplication->runController()
#8 /Users/thang/Desktop/OneOfTheme/yii/framework/base/CApplication.php(162): CWebApplication->processRequest()
#9 /Users/thang/Desktop/OneOfTheme/yii/test/index.php(13): CWebApplication->run()
REQUEST_URI=/yii/test/index.php/site/sftp
2012/12/11 04:02:38 [error] [php] Cannot connect to 127.0.0.1. Error 61. Connection refused (/Users/thang/Desktop/OneOfTheme/yii/test/protected/extensions/sftp/Net/SSH2.php:691)
Stack trace:
#0 /Users/thang/Desktop/OneOfTheme/yii/test/protected/extensions/sftp/SftpComponent.php(72): Net_SFTP->Net_SFTP()
#1 /Users/thang/Desktop/OneOfTheme/yii/test/protected/controllers/SiteController.php(114): SftpComponent->connect()
#2 /Users/thang/Desktop/OneOfTheme/yii/framework/web/actions/CInlineAction.php(50): SiteController->actionSftp()
#3 /Users/thang/Desktop/OneOfTheme/yii/framework/web/CController.php(309): CInlineAction->runWithParams()
#4 /Users/thang/Desktop/OneOfTheme/yii/framework/web/CController.php(287): SiteController->runAction()
#5 /Users/thang/Desktop/OneOfTheme/yii/framework/web/CController.php(266): SiteController->runActionWithFilters()
#6 /Users/thang/Desktop/OneOfTheme/yii/framework/web/CWebApplication.php(283): SiteController->run()
#7 /Users/thang/Desktop/OneOfTheme/yii/framework/web/CWebApplication.php(142): CWebApplication->runController()
#8 /Users/thang/Desktop/OneOfTheme/yii/framework/base/CApplication.php(162): CWebApplication->processRequest()
#9 /Users/thang/Desktop/OneOfTheme/yii/test/index.php(13): CWebApplication->run()
REQUEST_URI=/yii/test/index.php/site/sftp
2012/12/11 04:02:38 [error] [php] Cannot connect to 127.0.0.1. Error 61. Connection refused (/Users/thang/Desktop/OneOfTheme/yii/test/protected/extensions/sftp/Net/SSH2.php:691)
Stack trace:
#0 /Users/thang/Desktop/OneOfTheme/yii/test/protected/extensions/sftp/SftpComponent.php(72): Net_SFTP->Net_SFTP()
#1 /Users/thang/Desktop/OneOfTheme/yii/test/protected/controllers/SiteController.php(114): SftpComponent->connect()
#2 /Users/thang/Desktop/OneOfTheme/yii/framework/web/actions/CInlineAction.php(50): SiteController->actionSftp()
#3 /Users/thang/Desktop/OneOfTheme/yii/framework/web/CController.php(309): CInlineAction->runWithParams()
#4 /Users/thang/Desktop/OneOfTheme/yii/framework/web/CController.php(287): SiteController->runAction()
#5 /Users/thang/Desktop/OneOfTheme/yii/framework/web/CController.php(266): SiteController->runActionWithFilters()
#6 /Users/thang/Desktop/OneOfTheme/yii/framework/web/CWebApplication.php(283): SiteController->run()
#7 /Users/thang/Desktop/OneOfTheme/yii/framework/web/CWebApplication.php(142): CWebApplication->runController()
#8 /Users/thang/Desktop/OneOfTheme/yii/framework/base/CApplication.php(162): CWebApplication->processRequest()
#9 /Users/thang/Desktop/OneOfTheme/yii/test/index.php(13): CWebApplication->run()
REQUEST_URI=/yii/test/index.php/site/sftp
2012/12/11 04:02:38 [error] [php] Cannot connect to 127.0.0.1. Error 61. Connection refused (/Users/thang/Desktop/OneOfTheme/yii/test/protected/extensions/sftp/Net/SSH2.php:691)
Stack trace:
#0 /Users/thang/Desktop/OneOfTheme/yii/test/protected/extensions/sftp/SftpComponent.php(72): Net_SFTP->Net_SFTP()
#1 /Users/thang/Desktop/OneOfTheme/yii/test/protected/controllers/SiteController.php(114): SftpComponent->connect()
#2 /Users/thang/Desktop/OneOfTheme/yii/framework/web/actions/CInlineAction.php(50): SiteController->actionSftp()
#3 /Users/thang/Desktop/OneOfTheme/yii/framework/web/CController.php(309): CInlineAction->runWithParams()
#4 /Users/thang/Desktop/OneOfTheme/yii/framework/web/CController.php(287): SiteController->runAction()
#5 /Users/thang/Desktop/OneOfTheme/yii/framework/web/CController.php(266): SiteController->runActionWithFilters()
#6 /Users/thang/Desktop/OneOfTheme/yii/framework/web/CWebApplication.php(283): SiteController->run()
#7 /Users/thang/Desktop/OneOfTheme/yii/framework/web/CWebApplication.php(142): CWebApplication->runController()
#8 /Users/thang/Desktop/OneOfTheme/yii/framework/base/CApplication.php(162): CWebApplication->processRequest()
#9 /Users/thang/Desktop/OneOfTheme/yii/test/index.php(13): CWebApplication->run()
REQUEST_URI=/yii/test/index.php/site/sftp
2012/12/11 04:02:38 [error] [php] Cannot connect to 127.0.0.1. Error 61. Connection refused (/Users/thang/Desktop/OneOfTheme/yii/test/protected/extensions/sftp/Net/SSH2.php:691)
Stack trace:
#0 /Users/thang/Desktop/OneOfTheme/yii/test/protected/extensions/sftp/SftpComponent.php(72): Net_SFTP->Net_SFTP()
#1 /Users/thang/Desktop/OneOfTheme/yii/test/protected/controllers/SiteController.php(114): SftpComponent->connect()
#2 /Users/thang/Desktop/OneOfTheme/yii/framework/web/actions/CInlineAction.php(50): SiteController->actionSftp()
#3 /Users/thang/Desktop/OneOfTheme/yii/framework/web/CController.php(309): CInlineAction->runWithParams()
#4 /Users/thang/Desktop/OneOfTheme/yii/framework/web/CController.php(287): SiteController->runAction()
#5 /Users/thang/Desktop/OneOfTheme/yii/framework/web/CController.php(266): SiteController->runActionWithFilters()
#6 /Users/thang/Desktop/OneOfTheme/yii/framework/web/CWebApplication.php(283): SiteController->run()
#7 /Users/thang/Desktop/OneOfTheme/yii/framework/web/CWebApplication.php(142): CWebApplication->runController()
#8 /Users/thang/Desktop/OneOfTheme/yii/framework/base/CApplication.php(162): CWebApplication->processRequest()
#9 /Users/thang/Desktop/OneOfTheme/yii/test/index.php(13): CWebApplication->run()
REQUEST_URI=/yii/test/index.php/site/sftp
